# JRE version: Java(TM) SE Runtime Environment (8.0_361) (build 1.8.0_361-b09)
# Java VM: Java HotSpot(TM) 64-Bit Server VM (25.361-b09 mixed mode windows-amd64 compressed oops)
Heap:
 PSYoungGen      total 139264K, used 37996K [0x00000000ebb80000, 0x00000000fa500000, 0x0000000100000000)
  eden space 122368K, 31% used [0x00000000ebb80000,0x00000000ee09b220,0x00000000f3300000)
  from space 16896K, 0% used [0x00000000f3300000,0x00000000f3300000,0x00000000f4380000)
  to   space 21504K, 0% used [0x00000000f9000000,0x00000000f9000000,0x00000000fa500000)
 ParOldGen       total 52736K, used 24117K [0x00000000c3200000, 0x00000000c6580000, 0x00000000ebb80000)
  object space 52736K, 45% used [0x00000000c3200000,0x00000000c498d570,0x00000000c6580000)
 Metaspace       used 22747K, capacity 23954K, committed 24192K, reserved 1071104K
  class space    used 2896K, capacity 3151K, committed 3200K, reserved 1048576K
GC Heap History (10 events):
Event: 1.353 GC heap before
{Heap before GC invocations=6 (full 0):
 PSYoungGen      total 34304K, used 34295K [0x00000000ebb80000, 0x00000000f0680000, 0x0000000100000000)
  eden space 31744K, 100% used [0x00000000ebb80000,0x00000000eda80000,0x00000000eda80000)
  from space 2560K, 99% used [0x00000000eda80000,0x00000000edcfdc80,0x00000000edd00000)
  to   space 6656K, 0% used [0x00000000f0000000,0x00000000f0000000,0x00000000f0680000)
 ParOldGen       total 42496K, used 9830K [0x00000000c3200000, 0x00000000c5b80000, 0x00000000ebb80000)
  object space 42496K, 23% used [0x00000000c3200000,0x00000000c3b998c0,0x00000000c5b80000)
 Metaspace       used 18187K, capacity 18932K, committed 19200K, reserved 1067008K
  class space    used 2306K, capacity 2512K, committed 2560K, reserved 1048576K
Event: 1.359 GC heap after
Heap after GC invocations=6 (full 0):
 PSYoungGen      total 70144K, used 4823K [0x00000000ebb80000, 0x00000000f0680000, 0x0000000100000000)
  eden space 63488K, 0% used [0x00000000ebb80000,0x00000000ebb80000,0x00000000ef980000)
  from space 6656K, 72% used [0x00000000f0000000,0x00000000f04b5c90,0x00000000f0680000)
  to   space 6656K, 0% used [0x00000000ef980000,0x00000000ef980000,0x00000000f0000000)
 ParOldGen       total 42496K, used 9830K [0x00000000c3200000, 0x00000000c5b80000, 0x00000000ebb80000)
  object space 42496K, 23% used [0x00000000c3200000,0x00000000c3b998c0,0x00000000c5b80000)
 Metaspace       used 18187K, capacity 18932K, committed 19200K, reserved 1067008K
  class space    used 2306K, capacity 2512K, committed 2560K, reserved 1048576K
}
Event: 1.842 GC heap before
{Heap before GC invocations=7 (full 0):
 PSYoungGen      total 70144K, used 68311K [0x00000000ebb80000, 0x00000000f0680000, 0x0000000100000000)
  eden space 63488K, 100% used [0x00000000ebb80000,0x00000000ef980000,0x00000000ef980000)
  from space 6656K, 72% used [0x00000000f0000000,0x00000000f04b5c90,0x00000000f0680000)
  to   space 6656K, 0% used [0x00000000ef980000,0x00000000ef980000,0x00000000f0000000)
 ParOldGen       total 42496K, used 9830K [0x00000000c3200000, 0x00000000c5b80000, 0x00000000ebb80000)
  object space 42496K, 23% used [0x00000000c3200000,0x00000000c3b998c0,0x00000000c5b80000)
 Metaspace       used 18916K, capacity 19766K, committed 20096K, reserved 1067008K
  class space    used 2378K, capacity 2587K, committed 2688K, reserved 1048576K
Event: 1.861 GC heap after
Heap after GC invocations=7 (full 0):
 PSYoungGen      total 70144K, used 6650K [0x00000000ebb80000, 0x00000000f4f80000, 0x0000000100000000)
  eden space 63488K, 0% used [0x00000000ebb80000,0x00000000ebb80000,0x00000000ef980000)
  from space 6656K, 99% used [0x00000000ef980000,0x00000000efffea20,0x00000000f0000000)
  to   space 12288K, 0% used [0x00000000f4380000,0x00000000f4380000,0x00000000f4f80000)
 ParOldGen       total 42496K, used 19279K [0x00000000c3200000, 0x00000000c5b80000, 0x00000000ebb80000)
  object space 42496K, 45% used [0x00000000c3200000,0x00000000c44d3d30,0x00000000c5b80000)
 Metaspace       used 18916K, capacity 19766K, committed 20096K, reserved 1067008K
  class space    used 2378K, capacity 2587K, committed 2688K, reserved 1048576K
}
Event: 2.317 GC heap before
{Heap before GC invocations=8 (full 0):
 PSYoungGen      total 70144K, used 70138K [0x00000000ebb80000, 0x00000000f4f80000, 0x0000000100000000)
  eden space 63488K, 100% used [0x00000000ebb80000,0x00000000ef980000,0x00000000ef980000)
  from space 6656K, 99% used [0x00000000ef980000,0x00000000efffea20,0x00000000f0000000)
  to   space 12288K, 0% used [0x00000000f4380000,0x00000000f4380000,0x00000000f4f80000)
 ParOldGen       total 42496K, used 19279K [0x00000000c3200000, 0x00000000c5b80000, 0x00000000ebb80000)
  object space 42496K, 45% used [0x00000000c3200000,0x00000000c44d3d30,0x00000000c5b80000)
 Metaspace       used 18972K, capacity 19770K, committed 20096K, reserved 1067008K
  class space    used 2385K, capacity 2587K, committed 2688K, reserved 1048576K
Event: 2.333 GC heap after
Heap after GC invocations=8 (full 0):
 PSYoungGen      total 134656K, used 12282K [0x00000000ebb80000, 0x00000000f5880000, 0x0000000100000000)
  eden space 122368K, 0% used [0x00000000ebb80000,0x00000000ebb80000,0x00000000f3300000)
  from space 12288K, 99% used [0x00000000f4380000,0x00000000f4f7e840,0x00000000f4f80000)
  to   space 16896K, 0% used [0x00000000f3300000,0x00000000f3300000,0x00000000f4380000)
 ParOldGen       total 42496K, used 25234K [0x00000000c3200000, 0x00000000c5b80000, 0x00000000ebb80000)
  object space 42496K, 59% used [0x00000000c3200000,0x00000000c4aa4ae8,0x00000000c5b80000)
 Metaspace       used 18972K, capacity 19770K, committed 20096K, reserved 1067008K
  class space    used 2385K, capacity 2587K, committed 2688K, reserved 1048576K
}
Event: 2.683 GC heap before
{Heap before GC invocations=9 (full 0):
 PSYoungGen      total 134656K, used 103569K [0x00000000ebb80000, 0x00000000f5880000, 0x0000000100000000)
  eden space 122368K, 74% used [0x00000000ebb80000,0x00000000f14a5ef8,0x00000000f3300000)
  from space 12288K, 99% used [0x00000000f4380000,0x00000000f4f7e840,0x00000000f4f80000)
  to   space 16896K, 0% used [0x00000000f3300000,0x00000000f3300000,0x00000000f4380000)
 ParOldGen       total 42496K, used 25234K [0x00000000c3200000, 0x00000000c5b80000, 0x00000000ebb80000)
  object space 42496K, 59% used [0x00000000c3200000,0x00000000c4aa4ae8,0x00000000c5b80000)
 Metaspace       used 20316K, capacity 21128K, committed 21248K, reserved 1067008K
  class space    used 2548K, capacity 2750K, committed 2816K, reserved 1048576K
Event: 2.697 GC heap after
Heap after GC invocations=9 (full 0):
 PSYoungGen      total 139264K, used 16895K [0x00000000ebb80000, 0x00000000fa500000, 0x0000000100000000)
  eden space 122368K, 0% used [0x00000000ebb80000,0x00000000ebb80000,0x00000000f3300000)
  from space 16896K, 99% used [0x00000000f3300000,0x00000000f437fef0,0x00000000f4380000)
  to   space 21504K, 0% used [0x00000000f9000000,0x00000000f9000000,0x00000000fa500000)
 ParOldGen       total 42496K, used 30406K [0x00000000c3200000, 0x00000000c5b80000, 0x00000000ebb80000)
  object space 42496K, 71% used [0x00000000c3200000,0x00000000c4fb1b68,0x00000000c5b80000)
 Metaspace       used 20316K, capacity 21128K, committed 21248K, reserved 1067008K
  class space    used 2548K, capacity 2750K, committed 2816K, reserved 1048576K
}
Event: 2.697 GC heap before
{Heap before GC invocations=10 (full 1):
 PSYoungGen      total 139264K, used 16895K [0x00000000ebb80000, 0x00000000fa500000, 0x0000000100000000)
  eden space 122368K, 0% used [0x00000000ebb80000,0x00000000ebb80000,0x00000000f3300000)
  from space 16896K, 99% used [0x00000000f3300000,0x00000000f437fef0,0x00000000f4380000)
  to   space 21504K, 0% used [0x00000000f9000000,0x00000000f9000000,0x00000000fa500000)
 ParOldGen       total 42496K, used 30406K [0x00000000c3200000, 0x00000000c5b80000, 0x00000000ebb80000)
  object space 42496K, 71% used [0x00000000c3200000,0x00000000c4fb1b68,0x00000000c5b80000)
 Metaspace       used 20316K, capacity 21128K, committed 21248K, reserved 1067008K
  class space    used 2548K, capacity 2750K, committed 2816K, reserved 1048576K
Event: 2.734 GC heap after
Heap after GC invocations=10 (full 1):
 PSYoungGen      total 139264K, used 0K [0x00000000ebb80000, 0x00000000fa500000, 0x0000000100000000)
  eden space 122368K, 0% used [0x00000000ebb80000,0x00000000ebb80000,0x00000000f3300000)
  from space 16896K, 0% used [0x00000000f3300000,0x00000000f3300000,0x00000000f4380000)
  to   space 21504K, 0% used [0x00000000f9000000,0x00000000f9000000,0x00000000fa500000)
 ParOldGen       total 52736K, used 24117K [0x00000000c3200000, 0x00000000c6580000, 0x00000000ebb80000)
  object space 52736K, 45% used [0x00000000c3200000,0x00000000c498d570,0x00000000c6580000)
 Metaspace       used 20316K, capacity 21128K, committed 21248K, reserved 1067008K
  class space    used 2548K, capacity 2750K, committed 2816K, reserved 1048576K
}

